{"C:\\Users\\shachavan\\Desktop\\Shashank-ecom\\mocks\\FileMock.js": {"path":"C:\\Users\\shachavan\\Desktop\\Shashank-ecom\\mocks\\FileMock.js","statementMap":{"0":{"start":{"line":1,"column":0},"end":{"line":1,"column":34}}},"fnMap":{},"branchMap":{},"s":{"0":3},"f":{},"b":{},"_coverageSchema":"1a1c01bbd47fc00a2c39e90264f33305004495a9","hash":"e8b6a3a743cdc938895cd8e185946043a6b3d3c4"}
,"C:\\Users\\shachavan\\Desktop\\Shashank-ecom\\src\\components\\Navbar.tsx": {"path":"C:\\Users\\shachavan\\Desktop\\Shashank-ecom\\src\\components\\Navbar.tsx","statementMap":{"0":{"start":{"line":7,"column":38},"end":{"line":75,"column":1}},"1":{"start":{"line":8,"column":40},"end":{"line":8,"column":52}},"2":{"start":{"line":9,"column":36},"end":{"line":9,"column":50}},"3":{"start":{"line":10,"column":40},"end":{"line":10,"column":51}},"4":{"start":{"line":12,"column":29},"end":{"line":17,"column":3}},"5":{"start":{"line":13,"column":4},"end":{"line":13,"column":39}},"6":{"start":{"line":14,"column":4},"end":{"line":16,"column":5}},"7":{"start":{"line":15,"column":6},"end":{"line":15,"column":35}},"8":{"start":{"line":19,"column":24},"end":{"line":26,"column":3}},"9":{"start":{"line":20,"column":4},"end":{"line":24,"column":5}},"10":{"start":{"line":21,"column":6},"end":{"line":21,"column":26}},"11":{"start":{"line":23,"column":6},"end":{"line":23,"column":25}},"12":{"start":{"line":25,"column":4},"end":{"line":25,"column":35}},"13":{"start":{"line":28,"column":2},"end":{"line":33,"column":20}},"14":{"start":{"line":29,"column":4},"end":{"line":29,"column":53}},"15":{"start":{"line":30,"column":4},"end":{"line":32,"column":6}},"16":{"start":{"line":31,"column":6},"end":{"line":31,"column":58}},"17":{"start":{"line":35,"column":2},"end":{"line":74,"column":4}}},"fnMap":{"0":{"name":"(anonymous_0)","decl":{"start":{"line":7,"column":38},"end":{"line":7,"column":39}},"loc":{"start":{"line":7,"column":72},"end":{"line":75,"column":1}},"line":7},"1":{"name":"(anonymous_1)","decl":{"start":{"line":12,"column":29},"end":{"line":12,"column":30}},"loc":{"start":{"line":12,"column":77},"end":{"line":17,"column":3}},"line":12},"2":{"name":"(anonymous_2)","decl":{"start":{"line":19,"column":24},"end":{"line":19,"column":25}},"loc":{"start":{"line":19,"column":30},"end":{"line":26,"column":3}},"line":19},"3":{"name":"(anonymous_3)","decl":{"start":{"line":28,"column":12},"end":{"line":28,"column":13}},"loc":{"start":{"line":28,"column":18},"end":{"line":33,"column":3}},"line":28},"4":{"name":"(anonymous_4)","decl":{"start":{"line":30,"column":11},"end":{"line":30,"column":12}},"loc":{"start":{"line":30,"column":17},"end":{"line":32,"column":5}},"line":30}},"branchMap":{"0":{"loc":{"start":{"line":14,"column":4},"end":{"line":16,"column":5}},"type":"if","locations":[{"start":{"line":14,"column":4},"end":{"line":16,"column":5}},{"start":{},"end":{}}],"line":14},"1":{"loc":{"start":{"line":20,"column":4},"end":{"line":24,"column":5}},"type":"if","locations":[{"start":{"line":20,"column":4},"end":{"line":24,"column":5}},{"start":{"line":22,"column":11},"end":{"line":24,"column":5}}],"line":20},"2":{"loc":{"start":{"line":36,"column":168},"end":{"line":36,"column":217}},"type":"cond-expr","locations":[{"start":{"line":36,"column":180},"end":{"line":36,"column":195}},{"start":{"line":36,"column":198},"end":{"line":36,"column":217}}],"line":36}},"s":{"0":3,"1":23,"2":23,"3":23,"4":23,"5":1,"6":1,"7":1,"8":23,"9":4,"10":2,"11":2,"12":4,"13":23,"14":20,"15":20,"16":20,"17":23},"f":{"0":23,"1":1,"2":4,"3":20,"4":20},"b":{"0":[1,0],"1":[2,2],"2":[21,2]},"_coverageSchema":"1a1c01bbd47fc00a2c39e90264f33305004495a9","hash":"eb7845795871e5fa028b88d80e797c599f6ec3f0"}
,"C:\\Users\\shachavan\\Desktop\\Shashank-ecom\\src\\components\\ProductDetails.tsx": {"path":"C:\\Users\\shachavan\\Desktop\\Shashank-ecom\\src\\components\\ProductDetails.tsx","statementMap":{"0":{"start":{"line":7,"column":32},"end":{"line":126,"column":1}},"1":{"start":{"line":8,"column":17},"end":{"line":8,"column":44}},"2":{"start":{"line":9,"column":19},"end":{"line":9,"column":32}},"3":{"start":{"line":10,"column":32},"end":{"line":10,"column":62}},"4":{"start":{"line":11,"column":34},"end":{"line":11,"column":45}},"5":{"start":{"line":12,"column":44},"end":{"line":12,"column":73}},"6":{"start":{"line":13,"column":32},"end":{"line":13,"column":46}},"7":{"start":{"line":14,"column":28},"end":{"line":14,"column":57}},"8":{"start":{"line":16,"column":2},"end":{"line":33,"column":11}},"9":{"start":{"line":17,"column":4},"end":{"line":32,"column":9}},"10":{"start":{"line":19,"column":8},"end":{"line":21,"column":9}},"11":{"start":{"line":20,"column":10},"end":{"line":20,"column":57}},"12":{"start":{"line":22,"column":8},"end":{"line":22,"column":51}},"13":{"start":{"line":25,"column":8},"end":{"line":25,"column":25}},"14":{"start":{"line":26,"column":8},"end":{"line":26,"column":26}},"15":{"start":{"line":29,"column":8},"end":{"line":29,"column":45}},"16":{"start":{"line":30,"column":8},"end":{"line":30,"column":53}},"17":{"start":{"line":31,"column":8},"end":{"line":31,"column":26}},"18":{"start":{"line":35,"column":2},"end":{"line":35,"column":44}},"19":{"start":{"line":35,"column":15},"end":{"line":35,"column":44}},"20":{"start":{"line":36,"column":2},"end":{"line":36,"column":39}},"21":{"start":{"line":36,"column":13},"end":{"line":36,"column":39}},"22":{"start":{"line":37,"column":2},"end":{"line":37,"column":53}},"23":{"start":{"line":37,"column":16},"end":{"line":37,"column":53}},"24":{"start":{"line":39,"column":31},"end":{"line":41,"column":3}},"25":{"start":{"line":40,"column":4},"end":{"line":40,"column":44}},"26":{"start":{"line":43,"column":26},"end":{"line":47,"column":3}},"27":{"start":{"line":44,"column":22},"end":{"line":44,"column":75}},"28":{"start":{"line":45,"column":29},"end":{"line":45,"column":91}},"29":{"start":{"line":46,"column":4},"end":{"line":46,"column":72}},"30":{"start":{"line":49,"column":23},"end":{"line":52,"column":3}},"31":{"start":{"line":50,"column":4},"end":{"line":50,"column":22}},"32":{"start":{"line":51,"column":4},"end":{"line":51,"column":22}},"33":{"start":{"line":54,"column":28},"end":{"line":56,"column":3}},"34":{"start":{"line":55,"column":4},"end":{"line":55,"column":28}},"35":{"start":{"line":58,"column":29},"end":{"line":60,"column":3}},"36":{"start":{"line":62,"column":2},"end":{"line":125,"column":4}},"37":{"start":{"line":83,"column":31},"end":{"line":83,"column":64}},"38":{"start":{"line":89,"column":31},"end":{"line":89,"column":64}}},"fnMap":{"0":{"name":"(anonymous_0)","decl":{"start":{"line":7,"column":32},"end":{"line":7,"column":33}},"loc":{"start":{"line":7,"column":38},"end":{"line":126,"column":1}},"line":7},"1":{"name":"(anonymous_1)","decl":{"start":{"line":16,"column":12},"end":{"line":16,"column":13}},"loc":{"start":{"line":16,"column":18},"end":{"line":33,"column":3}},"line":16},"2":{"name":"(anonymous_2)","decl":{"start":{"line":18,"column":12},"end":{"line":18,"column":13}},"loc":{"start":{"line":18,"column":24},"end":{"line":23,"column":7}},"line":18},"3":{"name":"(anonymous_3)","decl":{"start":{"line":24,"column":12},"end":{"line":24,"column":13}},"loc":{"start":{"line":24,"column":20},"end":{"line":27,"column":7}},"line":24},"4":{"name":"(anonymous_4)","decl":{"start":{"line":28,"column":13},"end":{"line":28,"column":14}},"loc":{"start":{"line":28,"column":22},"end":{"line":32,"column":7}},"line":28},"5":{"name":"(anonymous_5)","decl":{"start":{"line":39,"column":31},"end":{"line":39,"column":32}},"loc":{"start":{"line":39,"column":79},"end":{"line":41,"column":3}},"line":39},"6":{"name":"(anonymous_6)","decl":{"start":{"line":43,"column":26},"end":{"line":43,"column":27}},"loc":{"start":{"line":43,"column":32},"end":{"line":47,"column":3}},"line":43},"7":{"name":"(anonymous_7)","decl":{"start":{"line":49,"column":23},"end":{"line":49,"column":24}},"loc":{"start":{"line":49,"column":29},"end":{"line":52,"column":3}},"line":49},"8":{"name":"(anonymous_8)","decl":{"start":{"line":54,"column":28},"end":{"line":54,"column":29}},"loc":{"start":{"line":54,"column":47},"end":{"line":56,"column":3}},"line":54},"9":{"name":"(anonymous_9)","decl":{"start":{"line":58,"column":29},"end":{"line":58,"column":30}},"loc":{"start":{"line":58,"column":35},"end":{"line":60,"column":3}},"line":58},"10":{"name":"(anonymous_10)","decl":{"start":{"line":64,"column":60},"end":{"line":64,"column":61}},"loc":{"start":{"line":64,"column":66},"end":{"line":64,"column":68}},"line":64},"11":{"name":"(anonymous_11)","decl":{"start":{"line":83,"column":25},"end":{"line":83,"column":26}},"loc":{"start":{"line":83,"column":31},"end":{"line":83,"column":64}},"line":83},"12":{"name":"(anonymous_12)","decl":{"start":{"line":89,"column":25},"end":{"line":89,"column":26}},"loc":{"start":{"line":89,"column":31},"end":{"line":89,"column":64}},"line":89}},"branchMap":{"0":{"loc":{"start":{"line":19,"column":8},"end":{"line":21,"column":9}},"type":"if","locations":[{"start":{"line":19,"column":8},"end":{"line":21,"column":9}},{"start":{},"end":{}}],"line":19},"1":{"loc":{"start":{"line":35,"column":2},"end":{"line":35,"column":44}},"type":"if","locations":[{"start":{"line":35,"column":2},"end":{"line":35,"column":44}},{"start":{},"end":{}}],"line":35},"2":{"loc":{"start":{"line":36,"column":2},"end":{"line":36,"column":39}},"type":"if","locations":[{"start":{"line":36,"column":2},"end":{"line":36,"column":39}},{"start":{},"end":{}}],"line":36},"3":{"loc":{"start":{"line":37,"column":2},"end":{"line":37,"column":53}},"type":"if","locations":[{"start":{"line":37,"column":2},"end":{"line":37,"column":53}},{"start":{},"end":{}}],"line":37},"4":{"loc":{"start":{"line":44,"column":33},"end":{"line":44,"column":74}},"type":"binary-expr","locations":[{"start":{"line":44,"column":33},"end":{"line":44,"column":66}},{"start":{"line":44,"column":70},"end":{"line":44,"column":74}}],"line":44},"5":{"loc":{"start":{"line":81,"column":72},"end":{"line":81,"column":189}},"type":"cond-expr","locations":[{"start":{"line":81,"column":107},"end":{"line":81,"column":184}},{"start":{"line":81,"column":187},"end":{"line":81,"column":189}}],"line":81},"6":{"loc":{"start":{"line":87,"column":72},"end":{"line":87,"column":189}},"type":"cond-expr","locations":[{"start":{"line":87,"column":107},"end":{"line":87,"column":184}},{"start":{"line":87,"column":187},"end":{"line":87,"column":189}}],"line":87}},"s":{"0":2,"1":17,"2":17,"3":17,"4":16,"5":16,"6":16,"7":16,"8":16,"9":8,"10":7,"11":0,"12":7,"13":7,"14":7,"15":1,"16":1,"17":1,"18":16,"19":8,"20":8,"21":1,"22":7,"23":0,"24":7,"25":1,"26":7,"27":2,"28":2,"29":2,"30":7,"31":1,"32":1,"33":7,"34":1,"35":7,"36":7,"37":1,"38":0},"f":{"0":17,"1":8,"2":7,"3":7,"4":1,"5":1,"6":2,"7":1,"8":1,"9":0,"10":0,"11":1,"12":0},"b":{"0":[0,7],"1":[8,8],"2":[1,7],"3":[0,7],"4":[2,1],"5":[1,6],"6":[0,7]},"_coverageSchema":"1a1c01bbd47fc00a2c39e90264f33305004495a9","hash":"8cf3707581a95c580be0341ac5c643eb4978f6ef"}
,"C:\\Users\\shachavan\\Desktop\\Shashank-ecom\\src\\components\\ProductList.tsx": {"path":"C:\\Users\\shachavan\\Desktop\\Shashank-ecom\\src\\components\\ProductList.tsx","statementMap":{"0":{"start":{"line":7,"column":48},"end":{"line":162,"column":1}},"1":{"start":{"line":8,"column":34},"end":{"line":8,"column":57}},"2":{"start":{"line":9,"column":40},"end":{"line":9,"column":51}},"3":{"start":{"line":10,"column":36},"end":{"line":10,"column":58}},"4":{"start":{"line":11,"column":28},"end":{"line":11,"column":57}},"5":{"start":{"line":12,"column":26},"end":{"line":12,"column":27}},"6":{"start":{"line":15,"column":2},"end":{"line":25,"column":9}},"7":{"start":{"line":16,"column":4},"end":{"line":24,"column":47}},"8":{"start":{"line":18,"column":8},"end":{"line":20,"column":9}},"9":{"start":{"line":19,"column":10},"end":{"line":19,"column":57}},"10":{"start":{"line":21,"column":8},"end":{"line":21,"column":31}},"11":{"start":{"line":23,"column":20},"end":{"line":23,"column":37}},"12":{"start":{"line":24,"column":22},"end":{"line":24,"column":45}},"13":{"start":{"line":28,"column":2},"end":{"line":30,"column":18}},"14":{"start":{"line":29,"column":4},"end":{"line":29,"column":65}},"15":{"start":{"line":33,"column":27},"end":{"line":60,"column":38}},"16":{"start":{"line":34,"column":19},"end":{"line":34,"column":27}},"17":{"start":{"line":37,"column":4},"end":{"line":39,"column":5}},"18":{"start":{"line":38,"column":6},"end":{"line":38,"column":84}},"19":{"start":{"line":38,"column":44},"end":{"line":38,"column":82}},"20":{"start":{"line":42,"column":4},"end":{"line":44,"column":5}},"21":{"start":{"line":43,"column":6},"end":{"line":43,"column":91}},"22":{"start":{"line":43,"column":44},"end":{"line":43,"column":89}},"23":{"start":{"line":47,"column":4},"end":{"line":49,"column":5}},"24":{"start":{"line":48,"column":6},"end":{"line":48,"column":94}},"25":{"start":{"line":48,"column":44},"end":{"line":48,"column":92}},"26":{"start":{"line":52,"column":4},"end":{"line":52,"column":87}},"27":{"start":{"line":52,"column":42},"end":{"line":52,"column":85}},"28":{"start":{"line":55,"column":4},"end":{"line":57,"column":5}},"29":{"start":{"line":56,"column":6},"end":{"line":56,"column":109}},"30":{"start":{"line":56,"column":44},"end":{"line":56,"column":107}},"31":{"start":{"line":59,"column":4},"end":{"line":59,"column":20}},"32":{"start":{"line":63,"column":29},"end":{"line":63,"column":58}},"33":{"start":{"line":64,"column":30},"end":{"line":64,"column":66}},"34":{"start":{"line":65,"column":26},"end":{"line":65,"column":89}},"35":{"start":{"line":68,"column":19},"end":{"line":68,"column":69}},"36":{"start":{"line":68,"column":43},"end":{"line":68,"column":69}},"37":{"start":{"line":71,"column":26},"end":{"line":75,"column":3}},"38":{"start":{"line":72,"column":22},"end":{"line":72,"column":75}},"39":{"start":{"line":73,"column":29},"end":{"line":73,"column":94}},"40":{"start":{"line":74,"column":4},"end":{"line":74,"column":72}},"41":{"start":{"line":78,"column":25},"end":{"line":86,"column":3}},"42":{"start":{"line":79,"column":4},"end":{"line":85,"column":7}},"43":{"start":{"line":80,"column":31},"end":{"line":82,"column":32}},"44":{"start":{"line":81,"column":40},"end":{"line":81,"column":52}},"45":{"start":{"line":83,"column":6},"end":{"line":83,"column":74}},"46":{"start":{"line":84,"column":6},"end":{"line":84,"column":30}},"47":{"start":{"line":88,"column":2},"end":{"line":161,"column":4}},"48":{"start":{"line":96,"column":14},"end":{"line":137,"column":21}},"49":{"start":{"line":104,"column":26},"end":{"line":104,"column":45}},"50":{"start":{"line":105,"column":26},"end":{"line":105,"column":51}},"51":{"start":{"line":124,"column":22},"end":{"line":124,"column":41}},"52":{"start":{"line":125,"column":22},"end":{"line":125,"column":49}},"53":{"start":{"line":149,"column":12},"end":{"line":156,"column":21}},"54":{"start":{"line":151,"column":29},"end":{"line":151,"column":48}}},"fnMap":{"0":{"name":"(anonymous_0)","decl":{"start":{"line":7,"column":48},"end":{"line":7,"column":49}},"loc":{"start":{"line":7,"column":78},"end":{"line":162,"column":1}},"line":7},"1":{"name":"(anonymous_1)","decl":{"start":{"line":15,"column":12},"end":{"line":15,"column":13}},"loc":{"start":{"line":15,"column":18},"end":{"line":25,"column":3}},"line":15},"2":{"name":"(anonymous_2)","decl":{"start":{"line":17,"column":12},"end":{"line":17,"column":13}},"loc":{"start":{"line":17,"column":24},"end":{"line":22,"column":7}},"line":17},"3":{"name":"(anonymous_3)","decl":{"start":{"line":23,"column":12},"end":{"line":23,"column":13}},"loc":{"start":{"line":23,"column":20},"end":{"line":23,"column":37}},"line":23},"4":{"name":"(anonymous_4)","decl":{"start":{"line":24,"column":13},"end":{"line":24,"column":14}},"loc":{"start":{"line":24,"column":22},"end":{"line":24,"column":45}},"line":24},"5":{"name":"(anonymous_5)","decl":{"start":{"line":28,"column":12},"end":{"line":28,"column":13}},"loc":{"start":{"line":28,"column":18},"end":{"line":30,"column":3}},"line":28},"6":{"name":"(anonymous_6)","decl":{"start":{"line":33,"column":35},"end":{"line":33,"column":36}},"loc":{"start":{"line":33,"column":41},"end":{"line":60,"column":3}},"line":33},"7":{"name":"(anonymous_7)","decl":{"start":{"line":38,"column":33},"end":{"line":38,"column":34}},"loc":{"start":{"line":38,"column":44},"end":{"line":38,"column":82}},"line":38},"8":{"name":"(anonymous_8)","decl":{"start":{"line":43,"column":33},"end":{"line":43,"column":34}},"loc":{"start":{"line":43,"column":44},"end":{"line":43,"column":89}},"line":43},"9":{"name":"(anonymous_9)","decl":{"start":{"line":48,"column":33},"end":{"line":48,"column":34}},"loc":{"start":{"line":48,"column":44},"end":{"line":48,"column":92}},"line":48},"10":{"name":"(anonymous_10)","decl":{"start":{"line":52,"column":31},"end":{"line":52,"column":32}},"loc":{"start":{"line":52,"column":42},"end":{"line":52,"column":85}},"line":52},"11":{"name":"(anonymous_11)","decl":{"start":{"line":56,"column":33},"end":{"line":56,"column":34}},"loc":{"start":{"line":56,"column":44},"end":{"line":56,"column":107}},"line":56},"12":{"name":"(anonymous_12)","decl":{"start":{"line":68,"column":19},"end":{"line":68,"column":20}},"loc":{"start":{"line":68,"column":43},"end":{"line":68,"column":69}},"line":68},"13":{"name":"(anonymous_13)","decl":{"start":{"line":71,"column":26},"end":{"line":71,"column":27}},"loc":{"start":{"line":71,"column":48},"end":{"line":75,"column":3}},"line":71},"14":{"name":"(anonymous_14)","decl":{"start":{"line":78,"column":25},"end":{"line":78,"column":26}},"loc":{"start":{"line":78,"column":41},"end":{"line":86,"column":3}},"line":78},"15":{"name":"(anonymous_15)","decl":{"start":{"line":79,"column":17},"end":{"line":79,"column":18}},"loc":{"start":{"line":79,"column":34},"end":{"line":85,"column":5}},"line":79},"16":{"name":"(anonymous_16)","decl":{"start":{"line":81,"column":31},"end":{"line":81,"column":32}},"loc":{"start":{"line":81,"column":40},"end":{"line":81,"column":52}},"line":81},"17":{"name":"(anonymous_17)","decl":{"start":{"line":95,"column":33},"end":{"line":95,"column":34}},"loc":{"start":{"line":96,"column":14},"end":{"line":137,"column":21}},"line":96},"18":{"name":"(anonymous_18)","decl":{"start":{"line":103,"column":33},"end":{"line":103,"column":34}},"loc":{"start":{"line":103,"column":40},"end":{"line":106,"column":25}},"line":103},"19":{"name":"(anonymous_19)","decl":{"start":{"line":123,"column":29},"end":{"line":123,"column":30}},"loc":{"start":{"line":123,"column":36},"end":{"line":126,"column":21}},"line":123},"20":{"name":"(anonymous_20)","decl":{"start":{"line":148,"column":88},"end":{"line":148,"column":89}},"loc":{"start":{"line":149,"column":12},"end":{"line":156,"column":21}},"line":149},"21":{"name":"(anonymous_21)","decl":{"start":{"line":151,"column":23},"end":{"line":151,"column":24}},"loc":{"start":{"line":151,"column":29},"end":{"line":151,"column":48}},"line":151}},"branchMap":{"0":{"loc":{"start":{"line":18,"column":8},"end":{"line":20,"column":9}},"type":"if","locations":[{"start":{"line":18,"column":8},"end":{"line":20,"column":9}},{"start":{},"end":{}}],"line":18},"1":{"loc":{"start":{"line":37,"column":4},"end":{"line":39,"column":5}},"type":"if","locations":[{"start":{"line":37,"column":4},"end":{"line":39,"column":5}},{"start":{},"end":{}}],"line":37},"2":{"loc":{"start":{"line":42,"column":4},"end":{"line":44,"column":5}},"type":"if","locations":[{"start":{"line":42,"column":4},"end":{"line":44,"column":5}},{"start":{},"end":{}}],"line":42},"3":{"loc":{"start":{"line":47,"column":4},"end":{"line":49,"column":5}},"type":"if","locations":[{"start":{"line":47,"column":4},"end":{"line":49,"column":5}},{"start":{},"end":{}}],"line":47},"4":{"loc":{"start":{"line":55,"column":4},"end":{"line":57,"column":5}},"type":"if","locations":[{"start":{"line":55,"column":4},"end":{"line":57,"column":5}},{"start":{},"end":{}}],"line":55},"5":{"loc":{"start":{"line":72,"column":33},"end":{"line":72,"column":74}},"type":"binary-expr","locations":[{"start":{"line":72,"column":33},"end":{"line":72,"column":66}},{"start":{"line":72,"column":70},"end":{"line":72,"column":74}}],"line":72},"6":{"loc":{"start":{"line":80,"column":31},"end":{"line":82,"column":32}},"type":"cond-expr","locations":[{"start":{"line":81,"column":10},"end":{"line":81,"column":53}},{"start":{"line":82,"column":10},"end":{"line":82,"column":32}}],"line":80},"7":{"loc":{"start":{"line":91,"column":9},"end":{"line":144,"column":9}},"type":"cond-expr","locations":[{"start":{"line":92,"column":10},"end":{"line":92,"column":46}},{"start":{"line":93,"column":12},"end":{"line":144,"column":9}}],"line":91},"8":{"loc":{"start":{"line":93,"column":12},"end":{"line":144,"column":9}},"type":"cond-expr","locations":[{"start":{"line":94,"column":10},"end":{"line":139,"column":16}},{"start":{"line":141,"column":10},"end":{"line":143,"column":16}}],"line":93},"9":{"loc":{"start":{"line":128,"column":32},"end":{"line":128,"column":143}},"type":"cond-expr","locations":[{"start":{"line":128,"column":65},"end":{"line":128,"column":105}},{"start":{"line":128,"column":108},"end":{"line":128,"column":143}}],"line":128},"10":{"loc":{"start":{"line":130,"column":21},"end":{"line":134,"column":21}},"type":"cond-expr","locations":[{"start":{"line":131,"column":22},"end":{"line":131,"column":105}},{"start":{"line":133,"column":22},"end":{"line":133,"column":147}}],"line":130},"11":{"loc":{"start":{"line":146,"column":7},"end":{"line":159,"column":7}},"type":"binary-expr","locations":[{"start":{"line":146,"column":7},"end":{"line":146,"column":33}},{"start":{"line":147,"column":8},"end":{"line":158,"column":14}}],"line":146},"12":{"loc":{"start":{"line":152,"column":59},"end":{"line":152,"column":145}},"type":"cond-expr","locations":[{"start":{"line":152,"column":87},"end":{"line":152,"column":111}},{"start":{"line":152,"column":114},"end":{"line":152,"column":145}}],"line":152}},"s":{"0":1,"1":14,"2":14,"3":14,"4":14,"5":14,"6":14,"7":7,"8":7,"9":1,"10":6,"11":6,"12":1,"13":14,"14":8,"15":14,"16":12,"17":12,"18":12,"19":50,"20":12,"21":12,"22":43,"23":12,"24":12,"25":37,"26":12,"27":33,"28":12,"29":0,"30":0,"31":12,"32":14,"33":14,"34":14,"35":14,"36":0,"37":14,"38":1,"39":1,"40":1,"41":14,"42":1,"43":1,"44":0,"45":1,"46":1,"47":14,"48":38,"49":1,"50":1,"51":1,"52":1,"53":10,"54":0},"f":{"0":14,"1":7,"2":7,"3":6,"4":1,"5":8,"6":12,"7":50,"8":43,"9":37,"10":33,"11":0,"12":0,"13":1,"14":1,"15":1,"16":0,"17":38,"18":1,"19":1,"20":10,"21":0},"b":{"0":[1,6],"1":[12,0],"2":[12,0],"3":[12,0],"4":[0,12],"5":[1,1],"6":[0,1],"7":[1,13],"8":[6,7],"9":[1,37],"10":[1,37],"11":[14,6],"12":[6,4]},"_coverageSchema":"1a1c01bbd47fc00a2c39e90264f33305004495a9","hash":"13da2804eed476ccfd87159107bd6a44914f072a"}
,"C:\\Users\\shachavan\\Desktop\\Shashank-ecom\\src\\components\\StarRating.tsx": {"path":"C:\\Users\\shachavan\\Desktop\\Shashank-ecom\\src\\components\\StarRating.tsx","statementMap":{"0":{"start":{"line":5,"column":46},"end":{"line":21,"column":1}},"1":{"start":{"line":6,"column":20},"end":{"line":6,"column":38}},"2":{"start":{"line":7,"column":19},"end":{"line":7,"column":35}},"3":{"start":{"line":8,"column":21},"end":{"line":8,"column":55}},"4":{"start":{"line":10,"column":2},"end":{"line":20,"column":4}},"5":{"start":{"line":13,"column":8},"end":{"line":13,"column":62}},"6":{"start":{"line":17,"column":8},"end":{"line":17,"column":65}}},"fnMap":{"0":{"name":"(anonymous_0)","decl":{"start":{"line":5,"column":46},"end":{"line":5,"column":47}},"loc":{"start":{"line":5,"column":65},"end":{"line":21,"column":1}},"line":5},"1":{"name":"(anonymous_1)","decl":{"start":{"line":12,"column":33},"end":{"line":12,"column":34}},"loc":{"start":{"line":13,"column":8},"end":{"line":13,"column":62}},"line":13},"2":{"name":"(anonymous_2)","decl":{"start":{"line":16,"column":34},"end":{"line":16,"column":35}},"loc":{"start":{"line":17,"column":8},"end":{"line":17,"column":65}},"line":17}},"branchMap":{"0":{"loc":{"start":{"line":5,"column":49},"end":{"line":5,"column":59}},"type":"default-arg","locations":[{"start":{"line":5,"column":58},"end":{"line":5,"column":59}}],"line":5},"1":{"loc":{"start":{"line":8,"column":38},"end":{"line":8,"column":54}},"type":"cond-expr","locations":[{"start":{"line":8,"column":49},"end":{"line":8,"column":50}},{"start":{"line":8,"column":53},"end":{"line":8,"column":54}}],"line":8},"2":{"loc":{"start":{"line":15,"column":7},"end":{"line":15,"column":64}},"type":"binary-expr","locations":[{"start":{"line":15,"column":7},"end":{"line":15,"column":15}},{"start":{"line":15,"column":19},"end":{"line":15,"column":64}}],"line":15}},"s":{"0":2,"1":45,"2":45,"3":45,"4":45,"5":145,"6":80},"f":{"0":45,"1":145,"2":80},"b":{"0":[0],"1":[0,45],"2":[45,0]},"_coverageSchema":"1a1c01bbd47fc00a2c39e90264f33305004495a9","hash":"3916aba299a528e6bb702a2730b14f29b8f50759"}
}
