TN:
SF:mocks\FileMock.js
FNF:0
FNH:0
DA:1,3
LF:1
LH:1
BRF:0
BRH:0
end_of_record
TN:
SF:src\components\Navbar.tsx
FN:7,(anonymous_0)
FN:12,(anonymous_1)
FN:19,(anonymous_2)
FN:28,(anonymous_3)
FN:30,(anonymous_4)
FNF:5
FNH:5
FNDA:23,(anonymous_0)
FNDA:1,(anonymous_1)
FNDA:4,(anonymous_2)
FNDA:20,(anonymous_3)
FNDA:20,(anonymous_4)
DA:7,3
DA:8,23
DA:9,23
DA:10,23
DA:12,23
DA:13,1
DA:14,1
DA:15,1
DA:19,23
DA:20,4
DA:21,2
DA:23,2
DA:25,4
DA:28,23
DA:29,20
DA:30,20
DA:31,20
DA:35,23
LF:18
LH:18
BRDA:14,0,0,1
BRDA:14,0,1,0
BRDA:20,1,0,2
BRDA:20,1,1,2
BRDA:36,2,0,21
BRDA:36,2,1,2
BRF:6
BRH:5
end_of_record
TN:
SF:src\components\ProductDetails.tsx
FN:7,(anonymous_0)
FN:16,(anonymous_1)
FN:18,(anonymous_2)
FN:24,(anonymous_3)
FN:28,(anonymous_4)
FN:39,(anonymous_5)
FN:43,(anonymous_6)
FN:49,(anonymous_7)
FN:54,(anonymous_8)
FN:58,(anonymous_9)
FN:64,(anonymous_10)
FN:83,(anonymous_11)
FN:89,(anonymous_12)
FNF:13
FNH:10
FNDA:17,(anonymous_0)
FNDA:8,(anonymous_1)
FNDA:7,(anonymous_2)
FNDA:7,(anonymous_3)
FNDA:1,(anonymous_4)
FNDA:1,(anonymous_5)
FNDA:2,(anonymous_6)
FNDA:1,(anonymous_7)
FNDA:1,(anonymous_8)
FNDA:0,(anonymous_9)
FNDA:0,(anonymous_10)
FNDA:1,(anonymous_11)
FNDA:0,(anonymous_12)
DA:7,2
DA:8,17
DA:9,17
DA:10,17
DA:11,16
DA:12,16
DA:13,16
DA:14,16
DA:16,16
DA:17,8
DA:19,7
DA:20,0
DA:22,7
DA:25,7
DA:26,7
DA:29,1
DA:30,1
DA:31,1
DA:35,16
DA:36,8
DA:37,7
DA:39,7
DA:40,1
DA:43,7
DA:44,2
DA:45,2
DA:46,2
DA:49,7
DA:50,1
DA:51,1
DA:54,7
DA:55,1
DA:58,7
DA:62,7
DA:83,1
DA:89,0
LF:36
LH:34
BRDA:19,0,0,0
BRDA:19,0,1,7
BRDA:35,1,0,8
BRDA:35,1,1,8
BRDA:36,2,0,1
BRDA:36,2,1,7
BRDA:37,3,0,0
BRDA:37,3,1,7
BRDA:44,4,0,2
BRDA:44,4,1,1
BRDA:81,5,0,1
BRDA:81,5,1,6
BRDA:87,6,0,0
BRDA:87,6,1,7
BRF:14
BRH:11
end_of_record
TN:
SF:src\components\ProductList.tsx
FN:7,(anonymous_0)
FN:15,(anonymous_1)
FN:17,(anonymous_2)
FN:23,(anonymous_3)
FN:24,(anonymous_4)
FN:28,(anonymous_5)
FN:33,(anonymous_6)
FN:38,(anonymous_7)
FN:43,(anonymous_8)
FN:48,(anonymous_9)
FN:52,(anonymous_10)
FN:56,(anonymous_11)
FN:68,(anonymous_12)
FN:71,(anonymous_13)
FN:78,(anonymous_14)
FN:79,(anonymous_15)
FN:81,(anonymous_16)
FN:95,(anonymous_17)
FN:103,(anonymous_18)
FN:123,(anonymous_19)
FN:148,(anonymous_20)
FN:151,(anonymous_21)
FNF:22
FNH:18
FNDA:14,(anonymous_0)
FNDA:7,(anonymous_1)
FNDA:7,(anonymous_2)
FNDA:6,(anonymous_3)
FNDA:1,(anonymous_4)
FNDA:8,(anonymous_5)
FNDA:12,(anonymous_6)
FNDA:50,(anonymous_7)
FNDA:43,(anonymous_8)
FNDA:37,(anonymous_9)
FNDA:33,(anonymous_10)
FNDA:0,(anonymous_11)
FNDA:0,(anonymous_12)
FNDA:1,(anonymous_13)
FNDA:1,(anonymous_14)
FNDA:1,(anonymous_15)
FNDA:0,(anonymous_16)
FNDA:38,(anonymous_17)
FNDA:1,(anonymous_18)
FNDA:1,(anonymous_19)
FNDA:10,(anonymous_20)
FNDA:0,(anonymous_21)
DA:7,1
DA:8,14
DA:9,14
DA:10,14
DA:11,14
DA:12,14
DA:15,14
DA:16,7
DA:18,7
DA:19,1
DA:21,6
DA:23,6
DA:24,1
DA:28,14
DA:29,8
DA:33,14
DA:34,12
DA:37,12
DA:38,50
DA:42,12
DA:43,43
DA:47,12
DA:48,37
DA:52,33
DA:55,12
DA:56,0
DA:59,12
DA:63,14
DA:64,14
DA:65,14
DA:68,14
DA:71,14
DA:72,1
DA:73,1
DA:74,1
DA:78,14
DA:79,1
DA:80,1
DA:81,0
DA:83,1
DA:84,1
DA:88,14
DA:96,38
DA:104,1
DA:105,1
DA:124,1
DA:125,1
DA:149,10
DA:151,0
LF:49
LH:46
BRDA:18,0,0,1
BRDA:18,0,1,6
BRDA:37,1,0,12
BRDA:37,1,1,0
BRDA:42,2,0,12
BRDA:42,2,1,0
BRDA:47,3,0,12
BRDA:47,3,1,0
BRDA:55,4,0,0
BRDA:55,4,1,12
BRDA:72,5,0,1
BRDA:72,5,1,1
BRDA:80,6,0,0
BRDA:80,6,1,1
BRDA:91,7,0,1
BRDA:91,7,1,13
BRDA:93,8,0,6
BRDA:93,8,1,7
BRDA:128,9,0,1
BRDA:128,9,1,37
BRDA:130,10,0,1
BRDA:130,10,1,37
BRDA:146,11,0,14
BRDA:146,11,1,6
BRDA:152,12,0,6
BRDA:152,12,1,4
BRF:26
BRH:21
end_of_record
TN:
SF:src\components\StarRating.tsx
FN:5,(anonymous_0)
FN:12,(anonymous_1)
FN:16,(anonymous_2)
FNF:3
FNH:3
FNDA:45,(anonymous_0)
FNDA:145,(anonymous_1)
FNDA:80,(anonymous_2)
DA:5,2
DA:6,45
DA:7,45
DA:8,45
DA:10,45
DA:13,145
DA:17,80
LF:7
LH:7
BRDA:5,0,0,0
BRDA:8,1,0,0
BRDA:8,1,1,45
BRDA:15,2,0,45
BRDA:15,2,1,0
BRF:5
BRH:2
end_of_record
